Using pre-set license
Built from '2021.1/staging' branch; Version is '2021.1.25f1 (b6f2b893ea32) revision 11989688'; Using compiler version '192528614'; Build Type 'Release'
OS: 'Windows 10 Home; OS build 19042.1348; Version 2009; 64bit' Language: 'en' Physical Memory: 16265 MB
BatchMode: 1, IsHumanControllingUs: 0, StartBugReporterOnCrash: 0, Is64bit: 1, IsPro: 0

COMMAND LINE ARGUMENTS:
C:\Program Files\Unity\Hub\Editor\2021.1.25f1\Editor\Unity.exe
-adb2
-batchMode
-noUpm
-name
AssetImportWorker0
-projectPath
D:/GitHub/TeamChimp_Deckbuilder_Game
-logFile
Logs/AssetImportWorker0.log
-srvPort
55322
Successfully changed project path to: D:/GitHub/TeamChimp_Deckbuilder_Game
D:/GitHub/TeamChimp_Deckbuilder_Game
Using Asset Import Pipeline V2.
Refreshing native plugins compatible for Editor in 88.06 ms, found 2 plugins.
Preloading 0 native plugins for Editor in 0.00 ms.
Initialize engine version: 2021.1.25f1 (b6f2b893ea32)
[Subsystems] Discovering subsystems at path C:/Program Files/Unity/Hub/Editor/2021.1.25f1/Editor/Data/Resources/UnitySubsystems
[Subsystems] Discovering subsystems at path D:/GitHub/TeamChimp_Deckbuilder_Game/Assets
GfxDevice: creating device client; threaded=0; jobified=0
Direct3D:
    Version:  Direct3D 11.0 [level 11.1]
    Renderer: NVIDIA GeForce GTX 1070 (ID=0x1ba1)
    Vendor:   NVIDIA
    VRAM:     8081 MB
    Driver:   27.21.14.6089
Initialize mono
Mono path[0] = 'C:/Program Files/Unity/Hub/Editor/2021.1.25f1/Editor/Data/Managed'
Mono path[1] = 'C:/Program Files/Unity/Hub/Editor/2021.1.25f1/Editor/Data/MonoBleedingEdge/lib/mono/unityjit'
Mono config path = 'C:/Program Files/Unity/Hub/Editor/2021.1.25f1/Editor/Data/MonoBleedingEdge/etc'
Using monoOptions --debugger-agent=transport=dt_socket,embedding=1,server=y,suspend=n,address=127.0.0.1:56184
Begin MonoManager ReloadAssembly
Registering precompiled unity dll's ...
Register platform support module: C:/Program Files/Unity/Hub/Editor/2021.1.25f1/Editor/Data/PlaybackEngines/WebGLSupport/UnityEditor.WebGL.Extensions.dll
Register platform support module: C:/Program Files/Unity/Hub/Editor/2021.1.25f1/Editor/Data/PlaybackEngines/WindowsStandaloneSupport/UnityEditor.WindowsStandalone.Extensions.dll
Registered in 0.003633 seconds.
Native extension for WindowsStandalone target not found
Native extension for WebGL target not found
Refreshing native plugins compatible for Editor in 89.71 ms, found 2 plugins.
Preloading 0 native plugins for Editor in 0.00 ms.
Mono: successfully reloaded assembly
- Completed reload, in  1.962 seconds
Domain Reload Profiling:
	ReloadAssembly (1963ms)
		BeginReloadAssembly (88ms)
			ExecutionOrderSort (0ms)
			DisableScriptedObjects (0ms)
			BackupInstance (0ms)
			ReleaseScriptingObjects (0ms)
			CreateAndSetChildDomain (1ms)
		EndReloadAssembly (620ms)
			LoadAssemblies (85ms)
			RebuildTransferFunctionScriptingTraits (0ms)
			SetupTypeCache (203ms)
			ReleaseScriptCaches (0ms)
			RebuildScriptCaches (45ms)
			SetupLoadedEditorAssemblies (302ms)
				LogAssemblyErrors (0ms)
				InitializePlatformSupportModulesInManaged (10ms)
				SetLoadedEditorAssemblies (0ms)
				RefreshPlugins (90ms)
				BeforeProcessingInitializeOnLoad (2ms)
				ProcessInitializeOnLoadAttributes (161ms)
				ProcessInitializeOnLoadMethodAttributes (38ms)
				AfterProcessingInitializeOnLoad (0ms)
				EditorAssembliesLoaded (0ms)
			ExecutionOrderSort2 (0ms)
			AwakeInstancesAfterBackupRestoration (0ms)
Platform modules already initialized, skipping
Registering precompiled user dll's ...
Registered in 0.003289 seconds.
Begin MonoManager ReloadAssembly
Native extension for WindowsStandalone target not found
Native extension for WebGL target not found
Refreshing native plugins compatible for Editor in 83.15 ms, found 2 plugins.
Preloading 0 native plugins for Editor in 0.00 ms.
Mono: successfully reloaded assembly
- Completed reload, in  1.520 seconds
Domain Reload Profiling:
	ReloadAssembly (1521ms)
		BeginReloadAssembly (208ms)
			ExecutionOrderSort (0ms)
			DisableScriptedObjects (7ms)
			BackupInstance (0ms)
			ReleaseScriptingObjects (0ms)
			CreateAndSetChildDomain (25ms)
		EndReloadAssembly (1238ms)
			LoadAssemblies (125ms)
			RebuildTransferFunctionScriptingTraits (0ms)
			SetupTypeCache (393ms)
			ReleaseScriptCaches (1ms)
			RebuildScriptCaches (111ms)
			SetupLoadedEditorAssemblies (505ms)
				LogAssemblyErrors (0ms)
				InitializePlatformSupportModulesInManaged (6ms)
				SetLoadedEditorAssemblies (0ms)
				RefreshPlugins (83ms)
				BeforeProcessingInitializeOnLoad (94ms)
				ProcessInitializeOnLoadAttributes (305ms)
				ProcessInitializeOnLoadMethodAttributes (5ms)
				AfterProcessingInitializeOnLoad (10ms)
				EditorAssembliesLoaded (0ms)
			ExecutionOrderSort2 (0ms)
			AwakeInstancesAfterBackupRestoration (8ms)
Platform modules already initialized, skipping
========================================================================
Worker process is ready to serve import requests
Launched and connected shader compiler UnityShaderCompiler.exe after 0.06 seconds
Refreshing native plugins compatible for Editor in 0.77 ms, found 2 plugins.
Preloading 0 native plugins for Editor in 0.00 ms.
Unloading 3479 Unused Serialized files (Serialized files now loaded: 0)
System memory in use before: 178.0 MB.
System memory in use after: 178.2 MB.

Unloading 16 unused Assets to reduce memory usage. Loaded Objects now: 3934.
Total: 4.658800 ms (FindLiveObjects: 0.275900 ms CreateObjectMapping: 0.173400 ms MarkObjects: 4.096600 ms  DeleteObjects: 0.111400 ms)

AssetImportParameters requested are different than current active one (requested -> active):
  custom:framework-win-MediaFoundation: 216162199b28c13a410421893ffa2e32 -> 
  custom:video-decoder-ogg-theora: a1e56fd34408186e4bbccfd4996cb3dc -> 
  custom:container-muxer-webm: aa71ff27fc2769a1b78a27578f13a17b -> 
  custom:container-demuxer-webm: 4f35f7cbe854078d1ac9338744f61a02 -> 
  custom:container-demuxer-ogg: 62fdf1f143b41e24485cea50d1cbac27 -> 
  custom:video-encoder-webm-vp8: eb34c28f22e8b96e1ab97ce403110664 -> 
  custom:video-codec-MediaFoundation-h265: 746d11721c4dcdbdad8f713fa42b33f4 -> 
  custom:video-decoder-webm-vp8: 9c59270c3fd7afecdb556c50c9e8de78 -> 
  custom:audio-decoder-ogg-vorbis: bf7c407c2cedff20999df2af8eb42d56 -> 
  custom:audio-encoder-webm-vorbis: bf7c407c2cedff20999df2af8eb42d56 -> 
========================================================================
Received Import Request.
  path: Assets/UI/Piles_v1_200x145.png
  artifactKey: Guid(94d066004b5c5ba47a4a9a9cdaa2b1f4) Importer(815301076,1909f56bfc062723c751e8b465ee728b)
Start importing Assets/UI/Piles_v1_200x145.png using Guid(94d066004b5c5ba47a4a9a9cdaa2b1f4) Importer(815301076,1909f56bfc062723c751e8b465ee728b)  -> (artifact id: 'bcce6b8449b798fddbfa114a61758fe9') in 0.178463 seconds 
========================================================================
Received Import Request.
  Time since last request: 0.906575 seconds.
  path: Assets/Assets
  artifactKey: Guid(2010a5259720ced4d92d96579439bc10) Importer(815301076,1909f56bfc062723c751e8b465ee728b)
Start importing Assets/Assets using Guid(2010a5259720ced4d92d96579439bc10) Importer(815301076,1909f56bfc062723c751e8b465ee728b)  -> (artifact id: 'c594b572dfb451bbb8a221c3999a81d5') in 0.002316 seconds 
========================================================================
Received Import Request.
  Time since last request: 0.974791 seconds.
  path: Assets/Assets/UI
  artifactKey: Guid(cc7a61ccfa6020f46aac199fb0abf1f4) Importer(815301076,1909f56bfc062723c751e8b465ee728b)
Start importing Assets/Assets/UI using Guid(cc7a61ccfa6020f46aac199fb0abf1f4) Importer(815301076,1909f56bfc062723c751e8b465ee728b)  -> (artifact id: '23a06f95e237c4fea9ae0708404d0ac1') in 0.002716 seconds 
========================================================================
Received Import Request.
  Time since last request: 0.866187 seconds.
  path: Assets/Assets/UI/Card
  artifactKey: Guid(cb02ef2a27a06894cac39faf64e23791) Importer(815301076,1909f56bfc062723c751e8b465ee728b)
Start importing Assets/Assets/UI/Card using Guid(cb02ef2a27a06894cac39faf64e23791) Importer(815301076,1909f56bfc062723c751e8b465ee728b)  -> (artifact id: 'b905950b9c726d131a570a82aed32dee') in 0.027516 seconds 
========================================================================
Received Import Request.
  Time since last request: 0.031539 seconds.
  path: Assets/Assets/UI/Card/Card.prefab
  artifactKey: Guid(31a304022cb9b7149b32181bcb4d61ff) Importer(815301076,1909f56bfc062723c751e8b465ee728b)
Start importing Assets/Assets/UI/Card/Card.prefab using Guid(31a304022cb9b7149b32181bcb4d61ff) Importer(815301076,1909f56bfc062723c751e8b465ee728b)  -> (artifact id: '1066e2d74fc0c564c0f4cd436e5217b7') in 0.105102 seconds 
========================================================================
Received Import Request.
  Time since last request: 0.000386 seconds.
  path: Assets/Assets/UI/Card/Kaart_Iconen.png
  artifactKey: Guid(fcce3043bd4f8214cad304497ea36388) Importer(815301076,1909f56bfc062723c751e8b465ee728b)
Start importing Assets/Assets/UI/Card/Kaart_Iconen.png using Guid(fcce3043bd4f8214cad304497ea36388) Importer(815301076,1909f56bfc062723c751e8b465ee728b)  -> (artifact id: 'b868960b2d6d71fa4347a00bbda486c2') in 0.023215 seconds 
========================================================================
Received Import Request.
  Time since last request: 0.000337 seconds.
  path: Assets/Assets/UI/Card/Kaart_Base 1.png
  artifactKey: Guid(1af6a7771203f9d41bfca77c176030b1) Importer(815301076,1909f56bfc062723c751e8b465ee728b)
Start importing Assets/Assets/UI/Card/Kaart_Base 1.png using Guid(1af6a7771203f9d41bfca77c176030b1) Importer(815301076,1909f56bfc062723c751e8b465ee728b)  -> (artifact id: '4a2415616523426aa0f473a68dcd00e4') in 0.027665 seconds 
========================================================================
Received Import Request.
  Time since last request: 0.000395 seconds.
  path: Assets/Assets/UI/Card/Kaart_Masker.png
  artifactKey: Guid(775bccd24b344424fb9f414d5dc07fe5) Importer(815301076,1909f56bfc062723c751e8b465ee728b)
Start importing Assets/Assets/UI/Card/Kaart_Masker.png using Guid(775bccd24b344424fb9f414d5dc07fe5) Importer(815301076,1909f56bfc062723c751e8b465ee728b)  -> (artifact id: 'bcfa42020a7dc35fb4e8eb6d7de335cf') in 0.029524 seconds 
========================================================================
Received Import Request.
  Time since last request: 0.703817 seconds.
  path: Assets/Assets/UI/Card/Cards_Done
  artifactKey: Guid(ebf8a28d662a17d41b41e1dd75200d4b) Importer(815301076,1909f56bfc062723c751e8b465ee728b)
Start importing Assets/Assets/UI/Card/Cards_Done using Guid(ebf8a28d662a17d41b41e1dd75200d4b) Importer(815301076,1909f56bfc062723c751e8b465ee728b)  -> (artifact id: '43878c10917c2a0b7786621a383808dd') in 0.002668 seconds 
