Using pre-set license
Built from '2021.1/staging' branch; Version is '2021.1.25f1 (b6f2b893ea32) revision 11989688'; Using compiler version '192528614'; Build Type 'Release'
OS: 'Windows 10 Home; OS build 19042.1348; Version 2009; 64bit' Language: 'en' Physical Memory: 16265 MB
BatchMode: 1, IsHumanControllingUs: 0, StartBugReporterOnCrash: 0, Is64bit: 1, IsPro: 0

COMMAND LINE ARGUMENTS:
C:\Program Files\Unity\Hub\Editor\2021.1.25f1\Editor\Unity.exe
-adb2
-batchMode
-noUpm
-name
AssetImportWorker1
-projectPath
D:/GitHub/TeamChimp_Deckbuilder_Game
-logFile
Logs/AssetImportWorker1.log
-srvPort
51956
Successfully changed project path to: D:/GitHub/TeamChimp_Deckbuilder_Game
D:/GitHub/TeamChimp_Deckbuilder_Game
Using Asset Import Pipeline V2.
Refreshing native plugins compatible for Editor in 62.87 ms, found 2 plugins.
Preloading 0 native plugins for Editor in 0.00 ms.
Initialize engine version: 2021.1.25f1 (b6f2b893ea32)
[Subsystems] Discovering subsystems at path C:/Program Files/Unity/Hub/Editor/2021.1.25f1/Editor/Data/Resources/UnitySubsystems
[Subsystems] Discovering subsystems at path D:/GitHub/TeamChimp_Deckbuilder_Game/Assets
GfxDevice: creating device client; threaded=0; jobified=0
Direct3D:
    Version:  Direct3D 11.0 [level 11.1]
    Renderer: NVIDIA GeForce GTX 1070 (ID=0x1ba1)
    Vendor:   NVIDIA
    VRAM:     8081 MB
    Driver:   27.21.14.6089
Initialize mono
Mono path[0] = 'C:/Program Files/Unity/Hub/Editor/2021.1.25f1/Editor/Data/Managed'
Mono path[1] = 'C:/Program Files/Unity/Hub/Editor/2021.1.25f1/Editor/Data/MonoBleedingEdge/lib/mono/unityjit'
Mono config path = 'C:/Program Files/Unity/Hub/Editor/2021.1.25f1/Editor/Data/MonoBleedingEdge/etc'
Using monoOptions --debugger-agent=transport=dt_socket,embedding=1,server=y,suspend=n,address=127.0.0.1:56088
Begin MonoManager ReloadAssembly
Registering precompiled unity dll's ...
Register platform support module: C:/Program Files/Unity/Hub/Editor/2021.1.25f1/Editor/Data/PlaybackEngines/WebGLSupport/UnityEditor.WebGL.Extensions.dll
Register platform support module: C:/Program Files/Unity/Hub/Editor/2021.1.25f1/Editor/Data/PlaybackEngines/WindowsStandaloneSupport/UnityEditor.WindowsStandalone.Extensions.dll
Registered in 0.003258 seconds.
Native extension for WindowsStandalone target not found
Native extension for WebGL target not found
Refreshing native plugins compatible for Editor in 61.55 ms, found 2 plugins.
Preloading 0 native plugins for Editor in 0.00 ms.
Mono: successfully reloaded assembly
- Completed reload, in  1.762 seconds
Domain Reload Profiling:
	ReloadAssembly (1763ms)
		BeginReloadAssembly (92ms)
			ExecutionOrderSort (0ms)
			DisableScriptedObjects (0ms)
			BackupInstance (0ms)
			ReleaseScriptingObjects (0ms)
			CreateAndSetChildDomain (1ms)
		EndReloadAssembly (523ms)
			LoadAssemblies (89ms)
			RebuildTransferFunctionScriptingTraits (0ms)
			SetupTypeCache (183ms)
			ReleaseScriptCaches (0ms)
			RebuildScriptCaches (38ms)
			SetupLoadedEditorAssemblies (245ms)
				LogAssemblyErrors (0ms)
				InitializePlatformSupportModulesInManaged (8ms)
				SetLoadedEditorAssemblies (0ms)
				RefreshPlugins (62ms)
				BeforeProcessingInitializeOnLoad (2ms)
				ProcessInitializeOnLoadAttributes (141ms)
				ProcessInitializeOnLoadMethodAttributes (32ms)
				AfterProcessingInitializeOnLoad (0ms)
				EditorAssembliesLoaded (0ms)
			ExecutionOrderSort2 (0ms)
			AwakeInstancesAfterBackupRestoration (0ms)
Platform modules already initialized, skipping
Registering precompiled user dll's ...
Registered in 0.002849 seconds.
Begin MonoManager ReloadAssembly
Native extension for WindowsStandalone target not found
Native extension for WebGL target not found
Refreshing native plugins compatible for Editor in 62.78 ms, found 2 plugins.
Preloading 0 native plugins for Editor in 0.00 ms.
Mono: successfully reloaded assembly
- Completed reload, in  2.184 seconds
Domain Reload Profiling:
	ReloadAssembly (2185ms)
		BeginReloadAssembly (182ms)
			ExecutionOrderSort (0ms)
			DisableScriptedObjects (5ms)
			BackupInstance (0ms)
			ReleaseScriptingObjects (0ms)
			CreateAndSetChildDomain (23ms)
		EndReloadAssembly (1935ms)
			LoadAssemblies (998ms)
			RebuildTransferFunctionScriptingTraits (0ms)
			SetupTypeCache (340ms)
			ReleaseScriptCaches (0ms)
			RebuildScriptCaches (69ms)
			SetupLoadedEditorAssemblies (434ms)
				LogAssemblyErrors (0ms)
				InitializePlatformSupportModulesInManaged (6ms)
				SetLoadedEditorAssemblies (0ms)
				RefreshPlugins (63ms)
				BeforeProcessingInitializeOnLoad (83ms)
				ProcessInitializeOnLoadAttributes (267ms)
				ProcessInitializeOnLoadMethodAttributes (5ms)
				AfterProcessingInitializeOnLoad (10ms)
				EditorAssembliesLoaded (0ms)
			ExecutionOrderSort2 (0ms)
			AwakeInstancesAfterBackupRestoration (8ms)
Platform modules already initialized, skipping
========================================================================
Worker process is ready to serve import requests
Launched and connected shader compiler UnityShaderCompiler.exe after 0.07 seconds
Refreshing native plugins compatible for Editor in 0.60 ms, found 2 plugins.
Preloading 0 native plugins for Editor in 0.00 ms.
Unloading 2804 Unused Serialized files (Serialized files now loaded: 0)
System memory in use before: 130.4 MB.
System memory in use after: 130.6 MB.

Unloading 16 unused Assets to reduce memory usage. Loaded Objects now: 3259.
Total: 3.734500 ms (FindLiveObjects: 0.222000 ms CreateObjectMapping: 0.112900 ms MarkObjects: 3.261600 ms  DeleteObjects: 0.136800 ms)

AssetImportParameters requested are different than current active one (requested -> active):
  custom:framework-win-MediaFoundation: 216162199b28c13a410421893ffa2e32 -> 
  custom:video-decoder-ogg-theora: a1e56fd34408186e4bbccfd4996cb3dc -> 
  custom:container-muxer-webm: aa71ff27fc2769a1b78a27578f13a17b -> 
  custom:container-demuxer-webm: 4f35f7cbe854078d1ac9338744f61a02 -> 
  custom:container-demuxer-ogg: 62fdf1f143b41e24485cea50d1cbac27 -> 
  custom:video-encoder-webm-vp8: eb34c28f22e8b96e1ab97ce403110664 -> 
  custom:video-codec-MediaFoundation-h265: 746d11721c4dcdbdad8f713fa42b33f4 -> 
  custom:video-decoder-webm-vp8: 9c59270c3fd7afecdb556c50c9e8de78 -> 
  custom:audio-decoder-ogg-vorbis: bf7c407c2cedff20999df2af8eb42d56 -> 
  custom:audio-encoder-webm-vorbis: bf7c407c2cedff20999df2af8eb42d56 -> 
========================================================================
Received Import Request.
  path: Assets/Resources/Kaart_Final
  artifactKey: Guid(a901342339cfad849a599623cad04c6b) Importer(815301076,1909f56bfc062723c751e8b465ee728b)
Start importing Assets/Resources/Kaart_Final using Guid(a901342339cfad849a599623cad04c6b) Importer(815301076,1909f56bfc062723c751e8b465ee728b)  -> (artifact id: '7b73b1b4dda2f39c9f2ded44f43af696') in 0.005558 seconds 
========================================================================
Received Import Request.
  Time since last request: 0.000545 seconds.
  path: Assets/Resources/Kaart_Final/Kaart.unitypackage
  artifactKey: Guid(f99c3bfb0a274344fa9c403369326e1f) Importer(815301076,1909f56bfc062723c751e8b465ee728b)
Start importing Assets/Resources/Kaart_Final/Kaart.unitypackage using Guid(f99c3bfb0a274344fa9c403369326e1f) Importer(815301076,1909f56bfc062723c751e8b465ee728b)  -> (artifact id: '5cb366638788b24fbd8312d3dc82d063') in 0.054931 seconds 
========================================================================
Received Import Request.
  Time since last request: 208.733397 seconds.
  path: Assets/Assets
  artifactKey: Guid(2010a5259720ced4d92d96579439bc10) Importer(815301076,1909f56bfc062723c751e8b465ee728b)
Start importing Assets/Assets using Guid(2010a5259720ced4d92d96579439bc10) Importer(815301076,1909f56bfc062723c751e8b465ee728b)  -> (artifact id: '79e92286f5148306b70d351f3b5233d8') in 0.002628 seconds 
========================================================================
Received Import Request.
  Time since last request: 1.021510 seconds.
  path: Assets/Assets/UI
  artifactKey: Guid(cc7a61ccfa6020f46aac199fb0abf1f4) Importer(815301076,1909f56bfc062723c751e8b465ee728b)
Start importing Assets/Assets/UI using Guid(cc7a61ccfa6020f46aac199fb0abf1f4) Importer(815301076,1909f56bfc062723c751e8b465ee728b)  -> (artifact id: 'a998604bee27c39c7eb296f295382b1b') in 0.009862 seconds 
========================================================================
Received Import Request.
  Time since last request: 4.188062 seconds.
  path: Assets/Assets/UI/Fonts
  artifactKey: Guid(15a669daf9a79f2479b6ddb32f0bb968) Importer(815301076,1909f56bfc062723c751e8b465ee728b)
Start importing Assets/Assets/UI/Fonts using Guid(15a669daf9a79f2479b6ddb32f0bb968) Importer(815301076,1909f56bfc062723c751e8b465ee728b)  -> (artifact id: '856c80ad437424365382a8bd185ab9ba') in 0.037949 seconds 
========================================================================
Received Import Request.
  Time since last request: 1.210369 seconds.
  path: Assets/Assets/UI/Fonts/baskerville_old_face.asset
  artifactKey: Guid(72fa59775b6cc0148b1430a4a98aae64) Importer(815301076,1909f56bfc062723c751e8b465ee728b)
Start importing Assets/Assets/UI/Fonts/baskerville_old_face.asset using Guid(72fa59775b6cc0148b1430a4a98aae64) Importer(815301076,1909f56bfc062723c751e8b465ee728b)  -> (artifact id: 'ee7d750b132c210809a3847b138a925f') in 0.288994 seconds 
========================================================================
Received Import Request.
  Time since last request: 0.000492 seconds.
  path: Assets/Assets/UI/Fonts/Duality.asset
  artifactKey: Guid(380aa4cfb06ae074881aa5042a88d108) Importer(815301076,1909f56bfc062723c751e8b465ee728b)
Start importing Assets/Assets/UI/Fonts/Duality.asset using Guid(380aa4cfb06ae074881aa5042a88d108) Importer(815301076,1909f56bfc062723c751e8b465ee728b)  -> (artifact id: 'ca76a89940691a8d17ba650f5add15e3') in 0.046834 seconds 
========================================================================
Received Import Request.
  Time since last request: 0.000469 seconds.
  path: Assets/Assets/UI/Fonts/BASKVILL.ttf
  artifactKey: Guid(eb185fdb815e2e14db98c52bab3e6198) Importer(815301076,1909f56bfc062723c751e8b465ee728b)
Start importing Assets/Assets/UI/Fonts/BASKVILL.ttf using Guid(eb185fdb815e2e14db98c52bab3e6198) Importer(815301076,1909f56bfc062723c751e8b465ee728b)  -> (artifact id: 'c39e56fa895acc78ee00cec973b88a89') in 0.038232 seconds 
========================================================================
Received Import Request.
  Time since last request: 0.000524 seconds.
  path: Assets/Assets/UI/Fonts/duality.ttf
  artifactKey: Guid(051df43eb04be7145823aec5126c14cf) Importer(815301076,1909f56bfc062723c751e8b465ee728b)
Start importing Assets/Assets/UI/Fonts/duality.ttf using Guid(051df43eb04be7145823aec5126c14cf) Importer(815301076,1909f56bfc062723c751e8b465ee728b)  -> (artifact id: '8b1498c51deca5ddb95a5fcd50a7c428') in 0.025579 seconds 
========================================================================
Received Import Request.
  Time since last request: 1.734710 seconds.
  path: Assets/Assets/UI/Card
  artifactKey: Guid(cb02ef2a27a06894cac39faf64e23791) Importer(815301076,1909f56bfc062723c751e8b465ee728b)
Start importing Assets/Assets/UI/Card using Guid(cb02ef2a27a06894cac39faf64e23791) Importer(815301076,1909f56bfc062723c751e8b465ee728b)  -> (artifact id: '38b5605218df200b51223d9f6e393130') in 0.042817 seconds 
========================================================================
Received Import Request.
  Time since last request: 0.003035 seconds.
  path: Assets/Assets/UI/Card/Card.prefab
  artifactKey: Guid(31a304022cb9b7149b32181bcb4d61ff) Importer(815301076,1909f56bfc062723c751e8b465ee728b)
Start importing Assets/Assets/UI/Card/Card.prefab using Guid(31a304022cb9b7149b32181bcb4d61ff) Importer(815301076,1909f56bfc062723c751e8b465ee728b)  -> (artifact id: '1707e4c0f31f53a42e93b027e66d7c21') in 0.050873 seconds 
========================================================================
Received Import Request.
  Time since last request: 0.000505 seconds.
  path: Assets/Assets/UI/Card/Kaart_Iconen.png
  artifactKey: Guid(fcce3043bd4f8214cad304497ea36388) Importer(815301076,1909f56bfc062723c751e8b465ee728b)
Start importing Assets/Assets/UI/Card/Kaart_Iconen.png using Guid(fcce3043bd4f8214cad304497ea36388) Importer(815301076,1909f56bfc062723c751e8b465ee728b)  -> (artifact id: '3d1304466027429f3a9a22bef269d358') in 0.050835 seconds 
========================================================================
Received Import Request.
  Time since last request: 0.000418 seconds.
  path: Assets/Assets/UI/Card/Kaart_Base 1.png
  artifactKey: Guid(1af6a7771203f9d41bfca77c176030b1) Importer(815301076,1909f56bfc062723c751e8b465ee728b)
Start importing Assets/Assets/UI/Card/Kaart_Base 1.png using Guid(1af6a7771203f9d41bfca77c176030b1) Importer(815301076,1909f56bfc062723c751e8b465ee728b)  -> (artifact id: '174bd8e505a1c43ef37f63d1f3376c0b') in 0.018162 seconds 
========================================================================
Received Import Request.
  Time since last request: 0.000572 seconds.
  path: Assets/Assets/UI/Card/Kaart_Masker.png
  artifactKey: Guid(775bccd24b344424fb9f414d5dc07fe5) Importer(815301076,1909f56bfc062723c751e8b465ee728b)
Start importing Assets/Assets/UI/Card/Kaart_Masker.png using Guid(775bccd24b344424fb9f414d5dc07fe5) Importer(815301076,1909f56bfc062723c751e8b465ee728b)  -> (artifact id: '568e7be65a7e0e3ff5db55a4051ebfc5') in 0.015472 seconds 
========================================================================
Received Import Request.
  Time since last request: 4666.994333 seconds.
  path: Assets/Assets/UI/Card/CardIllustrations
  artifactKey: Guid(56fdc53cf5dab4b4883f643b016f44e3) Importer(815301076,1909f56bfc062723c751e8b465ee728b)
Start importing Assets/Assets/UI/Card/CardIllustrations using Guid(56fdc53cf5dab4b4883f643b016f44e3) Importer(815301076,1909f56bfc062723c751e8b465ee728b)  -> (artifact id: '944ffb9b86e7ee21ffdb190441ab6460') in 0.002930 seconds 
========================================================================
Received Import Request.
  Time since last request: 0.006288 seconds.
  path: Assets/Assets/UI/Card/CardIllustrations/tex_cards_fairys_touch_v1.png
  artifactKey: Guid(57836e49d3f6f7a448b023f26ed6750f) Importer(815301076,1909f56bfc062723c751e8b465ee728b)
Start importing Assets/Assets/UI/Card/CardIllustrations/tex_cards_fairys_touch_v1.png using Guid(57836e49d3f6f7a448b023f26ed6750f) Importer(815301076,1909f56bfc062723c751e8b465ee728b)  -> (artifact id: '01ee7c390b4a9d77a66f0744dd4b0119') in 0.047429 seconds 
========================================================================
Received Import Request.
  Time since last request: 29.240570 seconds.
  path: Assets/Prefabs/Card related/CardObject.prefab
  artifactKey: Guid(661e7c7fac8a7544ebf0569d415a621c) Importer(815301076,1909f56bfc062723c751e8b465ee728b)
Start importing Assets/Prefabs/Card related/CardObject.prefab using Guid(661e7c7fac8a7544ebf0569d415a621c) Importer(815301076,1909f56bfc062723c751e8b465ee728b)  -> (artifact id: 'a7fea8779fea965c79d3d1391497e8f6') in 0.715646 seconds 
========================================================================
Received Import Request.
  Time since last request: 31.027167 seconds.
  path: Assets/Prefabs/Card related/CardObject.prefab
  artifactKey: Guid(661e7c7fac8a7544ebf0569d415a621c) Importer(815301076,1909f56bfc062723c751e8b465ee728b)
Start importing Assets/Prefabs/Card related/CardObject.prefab using Guid(661e7c7fac8a7544ebf0569d415a621c) Importer(815301076,1909f56bfc062723c751e8b465ee728b)  -> (artifact id: '4942687dd0196e8e09d90760e0cfc887') in 0.047562 seconds 
========================================================================
Received Import Request.
  Time since last request: 2.107790 seconds.
  path: Assets/Prefabs/Card related/CardObject.prefab
  artifactKey: Guid(661e7c7fac8a7544ebf0569d415a621c) Importer(815301076,1909f56bfc062723c751e8b465ee728b)
Start importing Assets/Prefabs/Card related/CardObject.prefab using Guid(661e7c7fac8a7544ebf0569d415a621c) Importer(815301076,1909f56bfc062723c751e8b465ee728b)  -> (artifact id: 'ad609eed161974e6b1c6dbfa99343121') in 0.039233 seconds 
========================================================================
Received Import Request.
  Time since last request: 15.232823 seconds.
  path: Assets/Prefabs/Card related/CardObject.prefab
  artifactKey: Guid(661e7c7fac8a7544ebf0569d415a621c) Importer(815301076,1909f56bfc062723c751e8b465ee728b)
Start importing Assets/Prefabs/Card related/CardObject.prefab using Guid(661e7c7fac8a7544ebf0569d415a621c) Importer(815301076,1909f56bfc062723c751e8b465ee728b)  -> (artifact id: '1002ac598c041e5d957940826ea6db4d') in 0.039398 seconds 
========================================================================
Received Import Request.
  Time since last request: 25.492659 seconds.
  path: Assets/Prefabs/Card related/CardObject.prefab
  artifactKey: Guid(661e7c7fac8a7544ebf0569d415a621c) Importer(815301076,1909f56bfc062723c751e8b465ee728b)
Start importing Assets/Prefabs/Card related/CardObject.prefab using Guid(661e7c7fac8a7544ebf0569d415a621c) Importer(815301076,1909f56bfc062723c751e8b465ee728b)  -> (artifact id: '236a8e3de1fd457f2fbb8a336c8dd3e7') in 0.041073 seconds 
========================================================================
Received Import Request.
  Time since last request: 69.912337 seconds.
  path: Assets/UI/Fonts/Augusta SDF.asset
  artifactKey: Guid(c02349ca7cd040a4e9729963012d2bc9) Importer(815301076,1909f56bfc062723c751e8b465ee728b)
Start importing Assets/UI/Fonts/Augusta SDF.asset using Guid(c02349ca7cd040a4e9729963012d2bc9) Importer(815301076,1909f56bfc062723c751e8b465ee728b)  -> (artifact id: '921c89c0f167547e6550f4bfae2fd9b2') in 0.060831 seconds 
========================================================================
Received Import Request.
  Time since last request: 1.721108 seconds.
  path: Assets/Prefabs/Card related/CardObject.prefab
  artifactKey: Guid(661e7c7fac8a7544ebf0569d415a621c) Importer(815301076,1909f56bfc062723c751e8b465ee728b)
Start importing Assets/Prefabs/Card related/CardObject.prefab using Guid(661e7c7fac8a7544ebf0569d415a621c) Importer(815301076,1909f56bfc062723c751e8b465ee728b)  -> (artifact id: '5dcd135c4ae042b86c7c4301c010b3d6') in 0.065899 seconds 
========================================================================
Received Import Request.
  Time since last request: 8.289696 seconds.
  path: Assets/Prefabs/Card related/CardObject.prefab
  artifactKey: Guid(661e7c7fac8a7544ebf0569d415a621c) Importer(815301076,1909f56bfc062723c751e8b465ee728b)
Start importing Assets/Prefabs/Card related/CardObject.prefab using Guid(661e7c7fac8a7544ebf0569d415a621c) Importer(815301076,1909f56bfc062723c751e8b465ee728b)  -> (artifact id: '2438044e2572817106b4a0b54aeb723c') in 0.068453 seconds 
========================================================================
Received Import Request.
  Time since last request: 15.799562 seconds.
  path: Assets/Prefabs/Card related/CardObject.prefab
  artifactKey: Guid(661e7c7fac8a7544ebf0569d415a621c) Importer(815301076,1909f56bfc062723c751e8b465ee728b)
Start importing Assets/Prefabs/Card related/CardObject.prefab using Guid(661e7c7fac8a7544ebf0569d415a621c) Importer(815301076,1909f56bfc062723c751e8b465ee728b)  -> (artifact id: 'e951514cc6b50a7af6f8fed6f7dc4cc4') in 0.041800 seconds 
========================================================================
Received Import Request.
  Time since last request: 49.913789 seconds.
  path: Assets/Prefabs/Card related/CardObject.prefab
  artifactKey: Guid(661e7c7fac8a7544ebf0569d415a621c) Importer(815301076,1909f56bfc062723c751e8b465ee728b)
Start importing Assets/Prefabs/Card related/CardObject.prefab using Guid(661e7c7fac8a7544ebf0569d415a621c) Importer(815301076,1909f56bfc062723c751e8b465ee728b)  -> (artifact id: '22f04322e82e7d7c3b725f5f89e4a276') in 0.037257 seconds 
========================================================================
Received Import Request.
  Time since last request: 10.108820 seconds.
  path: Assets/Prefabs/Card related/CardObject.prefab
  artifactKey: Guid(661e7c7fac8a7544ebf0569d415a621c) Importer(815301076,1909f56bfc062723c751e8b465ee728b)
Start importing Assets/Prefabs/Card related/CardObject.prefab using Guid(661e7c7fac8a7544ebf0569d415a621c) Importer(815301076,1909f56bfc062723c751e8b465ee728b)  -> (artifact id: 'a047c5d0fd19ece5f2455a10bc0816f3') in 0.044056 seconds 
========================================================================
Received Import Request.
  Time since last request: 2.766338 seconds.
  path: Assets/Prefabs/Card related/CardObject.prefab
  artifactKey: Guid(661e7c7fac8a7544ebf0569d415a621c) Importer(815301076,1909f56bfc062723c751e8b465ee728b)
Start importing Assets/Prefabs/Card related/CardObject.prefab using Guid(661e7c7fac8a7544ebf0569d415a621c) Importer(815301076,1909f56bfc062723c751e8b465ee728b)  -> (artifact id: '3ab74a71cf49649d1a5bcca4350f1a53') in 0.040926 seconds 
========================================================================
Received Import Request.
  Time since last request: 2.386302 seconds.
  path: Assets/Prefabs/Card related/CardObject.prefab
  artifactKey: Guid(661e7c7fac8a7544ebf0569d415a621c) Importer(815301076,1909f56bfc062723c751e8b465ee728b)
Start importing Assets/Prefabs/Card related/CardObject.prefab using Guid(661e7c7fac8a7544ebf0569d415a621c) Importer(815301076,1909f56bfc062723c751e8b465ee728b)  -> (artifact id: '8280f1329ae6f902f21c0ce0d84c06f4') in 0.041934 seconds 
========================================================================
Received Import Request.
  Time since last request: 4.758351 seconds.
  path: Assets/Prefabs/Card related/CardObject.prefab
  artifactKey: Guid(661e7c7fac8a7544ebf0569d415a621c) Importer(815301076,1909f56bfc062723c751e8b465ee728b)
Start importing Assets/Prefabs/Card related/CardObject.prefab using Guid(661e7c7fac8a7544ebf0569d415a621c) Importer(815301076,1909f56bfc062723c751e8b465ee728b)  -> (artifact id: 'c2bc16c4d9358f5eb6711786e4003d51') in 0.040922 seconds 
========================================================================
Received Import Request.
  Time since last request: 27.811917 seconds.
  path: Assets/Prefabs/Card related/CardObject.prefab
  artifactKey: Guid(661e7c7fac8a7544ebf0569d415a621c) Importer(815301076,1909f56bfc062723c751e8b465ee728b)
Start importing Assets/Prefabs/Card related/CardObject.prefab using Guid(661e7c7fac8a7544ebf0569d415a621c) Importer(815301076,1909f56bfc062723c751e8b465ee728b)  -> (artifact id: '43d11a35258d966cd22c479e0b66dcc4') in 0.044134 seconds 
========================================================================
Received Import Request.
  Time since last request: 25.086708 seconds.
  path: Assets/Prefabs/Card related/CardObject.prefab
  artifactKey: Guid(661e7c7fac8a7544ebf0569d415a621c) Importer(815301076,1909f56bfc062723c751e8b465ee728b)
Start importing Assets/Prefabs/Card related/CardObject.prefab using Guid(661e7c7fac8a7544ebf0569d415a621c) Importer(815301076,1909f56bfc062723c751e8b465ee728b)  -> (artifact id: '8a077624d41019ad5bc8e16736175c55') in 0.040690 seconds 
========================================================================
Received Import Request.
  Time since last request: 87.415484 seconds.
  path: Assets/Assets/UI/Card/Card.prefab
  artifactKey: Guid(31a304022cb9b7149b32181bcb4d61ff) Importer(815301076,1909f56bfc062723c751e8b465ee728b)
Start importing Assets/Assets/UI/Card/Card.prefab using Guid(31a304022cb9b7149b32181bcb4d61ff) Importer(815301076,1909f56bfc062723c751e8b465ee728b)  -> (artifact id: 'dc816f54ca2238015b7a78d53d5f9a12') in 0.020867 seconds 
========================================================================
Received Import Request.
  Time since last request: 9.191060 seconds.
  path: Assets/Prefabs/Card related/CardObject.prefab
  artifactKey: Guid(661e7c7fac8a7544ebf0569d415a621c) Importer(815301076,1909f56bfc062723c751e8b465ee728b)
Start importing Assets/Prefabs/Card related/CardObject.prefab using Guid(661e7c7fac8a7544ebf0569d415a621c) Importer(815301076,1909f56bfc062723c751e8b465ee728b)  -> (artifact id: 'e4034cc22a9af41775ceaf98361f6f1b') in 0.042777 seconds 
========================================================================
Received Import Request.
  Time since last request: 7.017762 seconds.
  path: Assets/Prefabs/Card related/CardObject.prefab
  artifactKey: Guid(661e7c7fac8a7544ebf0569d415a621c) Importer(815301076,1909f56bfc062723c751e8b465ee728b)
Start importing Assets/Prefabs/Card related/CardObject.prefab using Guid(661e7c7fac8a7544ebf0569d415a621c) Importer(815301076,1909f56bfc062723c751e8b465ee728b)  -> (artifact id: '29dc71030ee5650a3e7a485354cf9d4a') in 0.039509 seconds 
========================================================================
Received Import Request.
  Time since last request: 14.063155 seconds.
  path: Assets/Prefabs/Card related/CardObject.prefab
  artifactKey: Guid(661e7c7fac8a7544ebf0569d415a621c) Importer(815301076,1909f56bfc062723c751e8b465ee728b)
Start importing Assets/Prefabs/Card related/CardObject.prefab using Guid(661e7c7fac8a7544ebf0569d415a621c) Importer(815301076,1909f56bfc062723c751e8b465ee728b)  -> (artifact id: '7f9fbbcd6404958bcd90a1ce4aa202a4') in 0.044456 seconds 
========================================================================
Received Import Request.
  Time since last request: 49.038044 seconds.
  path: Assets/Prefabs/Card related/CardObject.prefab
  artifactKey: Guid(661e7c7fac8a7544ebf0569d415a621c) Importer(815301076,1909f56bfc062723c751e8b465ee728b)
Start importing Assets/Prefabs/Card related/CardObject.prefab using Guid(661e7c7fac8a7544ebf0569d415a621c) Importer(815301076,1909f56bfc062723c751e8b465ee728b)  -> (artifact id: '032d8e8389fa2e34e622879c2be5405d') in 0.041316 seconds 
========================================================================
Received Import Request.
  Time since last request: 2.755995 seconds.
  path: Assets/Prefabs/Card related/CardObject.prefab
  artifactKey: Guid(661e7c7fac8a7544ebf0569d415a621c) Importer(815301076,1909f56bfc062723c751e8b465ee728b)
Start importing Assets/Prefabs/Card related/CardObject.prefab using Guid(661e7c7fac8a7544ebf0569d415a621c) Importer(815301076,1909f56bfc062723c751e8b465ee728b)  -> (artifact id: '3c26dd2c52cfccae0c0c4b5fbb4e6d53') in 0.043007 seconds 
========================================================================
Received Import Request.
  Time since last request: 1.979884 seconds.
  path: Assets/Prefabs/Card related/CardObject.prefab
  artifactKey: Guid(661e7c7fac8a7544ebf0569d415a621c) Importer(815301076,1909f56bfc062723c751e8b465ee728b)
Start importing Assets/Prefabs/Card related/CardObject.prefab using Guid(661e7c7fac8a7544ebf0569d415a621c) Importer(815301076,1909f56bfc062723c751e8b465ee728b)  -> (artifact id: '767aff247cbd9c68d76276d535a44d1e') in 0.042548 seconds 
========================================================================
Received Import Request.
  Time since last request: 5.608174 seconds.
  path: Assets/Prefabs/Card related/CardObject.prefab
  artifactKey: Guid(661e7c7fac8a7544ebf0569d415a621c) Importer(815301076,1909f56bfc062723c751e8b465ee728b)
Start importing Assets/Prefabs/Card related/CardObject.prefab using Guid(661e7c7fac8a7544ebf0569d415a621c) Importer(815301076,1909f56bfc062723c751e8b465ee728b)  -> (artifact id: 'b67b5820537f59521e8b8c9be22fe4a3') in 0.040229 seconds 
========================================================================
Received Import Request.
  Time since last request: 10.288242 seconds.
  path: Assets/Prefabs/Card related/CardObject.prefab
  artifactKey: Guid(661e7c7fac8a7544ebf0569d415a621c) Importer(815301076,1909f56bfc062723c751e8b465ee728b)
Start importing Assets/Prefabs/Card related/CardObject.prefab using Guid(661e7c7fac8a7544ebf0569d415a621c) Importer(815301076,1909f56bfc062723c751e8b465ee728b)  -> (artifact id: 'b629b2c8f26476357b03b04499769410') in 0.044538 seconds 
========================================================================
Received Import Request.
  Time since last request: 18.761228 seconds.
  path: Assets/Prefabs/Card related/CardObject.prefab
  artifactKey: Guid(661e7c7fac8a7544ebf0569d415a621c) Importer(815301076,1909f56bfc062723c751e8b465ee728b)
Start importing Assets/Prefabs/Card related/CardObject.prefab using Guid(661e7c7fac8a7544ebf0569d415a621c) Importer(815301076,1909f56bfc062723c751e8b465ee728b)  -> (artifact id: '391ce21f1b14c4291d84282a76a27852') in 0.040837 seconds 
========================================================================
Received Import Request.
  Time since last request: 16.949563 seconds.
  path: Assets/Prefabs/Card related/Card.prefab
  artifactKey: Guid(cc824dfd701ea92428964bd3c5985e44) Importer(815301076,1909f56bfc062723c751e8b465ee728b)
Start importing Assets/Prefabs/Card related/Card.prefab using Guid(cc824dfd701ea92428964bd3c5985e44) Importer(815301076,1909f56bfc062723c751e8b465ee728b)  -> (artifact id: '2d6671fc040fb4599d7774817b2b58cb') in 0.040217 seconds 
========================================================================
Received Import Request.
  Time since last request: 0.000383 seconds.
  path: Assets/Prefabs/Card related/CardObject.prefab
  artifactKey: Guid(661e7c7fac8a7544ebf0569d415a621c) Importer(815301076,1909f56bfc062723c751e8b465ee728b)
Start importing Assets/Prefabs/Card related/CardObject.prefab using Guid(661e7c7fac8a7544ebf0569d415a621c) Importer(815301076,1909f56bfc062723c751e8b465ee728b)  -> (artifact id: '344e53db3a8761bf100705cadbbfef05') in 0.043433 seconds 
========================================================================
Received Prepare
Registering precompiled user dll's ...
Registered in 0.026416 seconds.
Begin MonoManager ReloadAssembly
Native extension for WindowsStandalone target not found
Native extension for WebGL target not found
Refreshing native plugins compatible for Editor in 0.54 ms, found 2 plugins.
Preloading 0 native plugins for Editor in 0.00 ms.
Mono: successfully reloaded assembly
- Completed reload, in  1.449 seconds
Domain Reload Profiling:
	ReloadAssembly (1449ms)
		BeginReloadAssembly (197ms)
			ExecutionOrderSort (0ms)
			DisableScriptedObjects (9ms)
			BackupInstance (0ms)
			ReleaseScriptingObjects (0ms)
			CreateAndSetChildDomain (59ms)
		EndReloadAssembly (1173ms)
			LoadAssemblies (130ms)
			RebuildTransferFunctionScriptingTraits (0ms)
			SetupTypeCache (371ms)
			ReleaseScriptCaches (1ms)
			RebuildScriptCaches (59ms)
			SetupLoadedEditorAssemblies (367ms)
				LogAssemblyErrors (0ms)
				InitializePlatformSupportModulesInManaged (7ms)
				SetLoadedEditorAssemblies (0ms)
				RefreshPlugins (1ms)
				BeforeProcessingInitializeOnLoad (73ms)
				ProcessInitializeOnLoadAttributes (270ms)
				ProcessInitializeOnLoadMethodAttributes (5ms)
				AfterProcessingInitializeOnLoad (11ms)
				EditorAssembliesLoaded (0ms)
			ExecutionOrderSort2 (0ms)
			AwakeInstancesAfterBackupRestoration (26ms)
Platform modules already initialized, skipping
Refreshing native plugins compatible for Editor in 0.57 ms, found 2 plugins.
Preloading 0 native plugins for Editor in 0.00 ms.
Unloading 2734 Unused Serialized files (Serialized files now loaded: 0)
System memory in use before: 141.4 MB.
System memory in use after: 141.6 MB.

Unloading 11 unused Assets to reduce memory usage. Loaded Objects now: 3487.
Total: 3.950600 ms (FindLiveObjects: 0.238500 ms CreateObjectMapping: 0.118800 ms MarkObjects: 3.543800 ms  DeleteObjects: 0.048200 ms)

AssetImportParameters requested are different than current active one (requested -> active):
  custom:framework-win-MediaFoundation: 216162199b28c13a410421893ffa2e32 -> 
  custom:video-decoder-ogg-theora: a1e56fd34408186e4bbccfd4996cb3dc -> 
  custom:container-muxer-webm: aa71ff27fc2769a1b78a27578f13a17b -> 
  custom:container-demuxer-webm: 4f35f7cbe854078d1ac9338744f61a02 -> 
  custom:container-demuxer-ogg: 62fdf1f143b41e24485cea50d1cbac27 -> 
  custom:video-encoder-webm-vp8: eb34c28f22e8b96e1ab97ce403110664 -> 
  custom:video-codec-MediaFoundation-h265: 746d11721c4dcdbdad8f713fa42b33f4 -> 
  custom:video-decoder-webm-vp8: 9c59270c3fd7afecdb556c50c9e8de78 -> 
  custom:audio-decoder-ogg-vorbis: bf7c407c2cedff20999df2af8eb42d56 -> 
  custom:audio-encoder-webm-vorbis: bf7c407c2cedff20999df2af8eb42d56 -> 
========================================================================
Received Prepare
Registering precompiled user dll's ...
Registered in 0.002790 seconds.
Begin MonoManager ReloadAssembly
Native extension for WindowsStandalone target not found
Native extension for WebGL target not found
Refreshing native plugins compatible for Editor in 0.55 ms, found 2 plugins.
Preloading 0 native plugins for Editor in 0.00 ms.
Mono: successfully reloaded assembly
- Completed reload, in  1.218 seconds
Domain Reload Profiling:
	ReloadAssembly (1218ms)
		BeginReloadAssembly (154ms)
			ExecutionOrderSort (0ms)
			DisableScriptedObjects (8ms)
			BackupInstance (0ms)
			ReleaseScriptingObjects (0ms)
			CreateAndSetChildDomain (40ms)
		EndReloadAssembly (997ms)
			LoadAssemblies (113ms)
			RebuildTransferFunctionScriptingTraits (0ms)
			SetupTypeCache (336ms)
			ReleaseScriptCaches (1ms)
			RebuildScriptCaches (59ms)
			SetupLoadedEditorAssemblies (342ms)
				LogAssemblyErrors (0ms)
				InitializePlatformSupportModulesInManaged (7ms)
				SetLoadedEditorAssemblies (1ms)
				RefreshPlugins (1ms)
				BeforeProcessingInitializeOnLoad (69ms)
				ProcessInitializeOnLoadAttributes (251ms)
				ProcessInitializeOnLoadMethodAttributes (4ms)
				AfterProcessingInitializeOnLoad (9ms)
				EditorAssembliesLoaded (0ms)
			ExecutionOrderSort2 (0ms)
			AwakeInstancesAfterBackupRestoration (23ms)
Platform modules already initialized, skipping
Refreshing native plugins compatible for Editor in 0.54 ms, found 2 plugins.
Preloading 0 native plugins for Editor in 0.00 ms.
Unloading 2725 Unused Serialized files (Serialized files now loaded: 0)
System memory in use before: 141.1 MB.
System memory in use after: 141.4 MB.

Unloading 11 unused Assets to reduce memory usage. Loaded Objects now: 3489.
Total: 4.081700 ms (FindLiveObjects: 0.270800 ms CreateObjectMapping: 0.156200 ms MarkObjects: 3.608200 ms  DeleteObjects: 0.045700 ms)

AssetImportParameters requested are different than current active one (requested -> active):
  custom:framework-win-MediaFoundation: 216162199b28c13a410421893ffa2e32 -> 
  custom:video-decoder-ogg-theora: a1e56fd34408186e4bbccfd4996cb3dc -> 
  custom:container-muxer-webm: aa71ff27fc2769a1b78a27578f13a17b -> 
  custom:container-demuxer-webm: 4f35f7cbe854078d1ac9338744f61a02 -> 
  custom:container-demuxer-ogg: 62fdf1f143b41e24485cea50d1cbac27 -> 
  custom:video-encoder-webm-vp8: eb34c28f22e8b96e1ab97ce403110664 -> 
  custom:video-codec-MediaFoundation-h265: 746d11721c4dcdbdad8f713fa42b33f4 -> 
  custom:video-decoder-webm-vp8: 9c59270c3fd7afecdb556c50c9e8de78 -> 
  custom:audio-decoder-ogg-vorbis: bf7c407c2cedff20999df2af8eb42d56 -> 
  custom:audio-encoder-webm-vorbis: bf7c407c2cedff20999df2af8eb42d56 -> 
========================================================================
Received Import Request.
  Time since last request: 123.323958 seconds.
  path: Assets/Assets/UI/Card/Card.prefab
  artifactKey: Guid(31a304022cb9b7149b32181bcb4d61ff) Importer(815301076,1909f56bfc062723c751e8b465ee728b)
Start importing Assets/Assets/UI/Card/Card.prefab using Guid(31a304022cb9b7149b32181bcb4d61ff) Importer(815301076,1909f56bfc062723c751e8b465ee728b)  -> (artifact id: '53175342f9c918b305734f1e8ff2501f') in 0.101813 seconds 
========================================================================
Received Import Request.
  Time since last request: 2.910093 seconds.
  path: Assets/Assets/UI/Card/Card.prefab
  artifactKey: Guid(31a304022cb9b7149b32181bcb4d61ff) Importer(815301076,1909f56bfc062723c751e8b465ee728b)
Start importing Assets/Assets/UI/Card/Card.prefab using Guid(31a304022cb9b7149b32181bcb4d61ff) Importer(815301076,1909f56bfc062723c751e8b465ee728b)  -> (artifact id: 'fb2f700915ec972c72585d53330ab92c') in 0.014288 seconds 
========================================================================
Received Import Request.
  Time since last request: 2.931790 seconds.
  path: Assets/Assets/UI/Card/Card.prefab
  artifactKey: Guid(31a304022cb9b7149b32181bcb4d61ff) Importer(815301076,1909f56bfc062723c751e8b465ee728b)
Start importing Assets/Assets/UI/Card/Card.prefab using Guid(31a304022cb9b7149b32181bcb4d61ff) Importer(815301076,1909f56bfc062723c751e8b465ee728b)  -> (artifact id: '61c1aa043eccdbe2fc6122e031419495') in 0.013667 seconds 
========================================================================
Received Import Request.
  Time since last request: 2.098580 seconds.
  path: Assets/Assets/UI/Card/Card.prefab
  artifactKey: Guid(31a304022cb9b7149b32181bcb4d61ff) Importer(815301076,1909f56bfc062723c751e8b465ee728b)
Start importing Assets/Assets/UI/Card/Card.prefab using Guid(31a304022cb9b7149b32181bcb4d61ff) Importer(815301076,1909f56bfc062723c751e8b465ee728b)  -> (artifact id: '25972493ea39db30a4a20b2f02d0a708') in 0.015554 seconds 
========================================================================
Received Prepare
Registering precompiled user dll's ...
Registered in 0.002704 seconds.
Begin MonoManager ReloadAssembly
Native extension for WindowsStandalone target not found
Native extension for WebGL target not found
Refreshing native plugins compatible for Editor in 0.51 ms, found 2 plugins.
Preloading 0 native plugins for Editor in 0.00 ms.
Mono: successfully reloaded assembly
- Completed reload, in  1.239 seconds
Domain Reload Profiling:
	ReloadAssembly (1240ms)
		BeginReloadAssembly (166ms)
			ExecutionOrderSort (0ms)
			DisableScriptedObjects (9ms)
			BackupInstance (0ms)
			ReleaseScriptingObjects (0ms)
			CreateAndSetChildDomain (50ms)
		EndReloadAssembly (1006ms)
			LoadAssemblies (119ms)
			RebuildTransferFunctionScriptingTraits (0ms)
			SetupTypeCache (341ms)
			ReleaseScriptCaches (1ms)
			RebuildScriptCaches (54ms)
			SetupLoadedEditorAssemblies (348ms)
				LogAssemblyErrors (0ms)
				InitializePlatformSupportModulesInManaged (7ms)
				SetLoadedEditorAssemblies (0ms)
				RefreshPlugins (1ms)
				BeforeProcessingInitializeOnLoad (67ms)
				ProcessInitializeOnLoadAttributes (259ms)
				ProcessInitializeOnLoadMethodAttributes (4ms)
				AfterProcessingInitializeOnLoad (9ms)
				EditorAssembliesLoaded (0ms)
			ExecutionOrderSort2 (0ms)
			AwakeInstancesAfterBackupRestoration (23ms)
Platform modules already initialized, skipping
Refreshing native plugins compatible for Editor in 0.55 ms, found 2 plugins.
Preloading 0 native plugins for Editor in 0.00 ms.
Unloading 2725 Unused Serialized files (Serialized files now loaded: 0)
System memory in use before: 141.2 MB.
System memory in use after: 141.4 MB.

Unloading 11 unused Assets to reduce memory usage. Loaded Objects now: 3491.
Total: 3.965500 ms (FindLiveObjects: 0.239800 ms CreateObjectMapping: 0.118100 ms MarkObjects: 3.560500 ms  DeleteObjects: 0.046400 ms)

AssetImportParameters requested are different than current active one (requested -> active):
  custom:framework-win-MediaFoundation: 216162199b28c13a410421893ffa2e32 -> 
  custom:video-decoder-ogg-theora: a1e56fd34408186e4bbccfd4996cb3dc -> 
  custom:container-muxer-webm: aa71ff27fc2769a1b78a27578f13a17b -> 
  custom:container-demuxer-webm: 4f35f7cbe854078d1ac9338744f61a02 -> 
  custom:container-demuxer-ogg: 62fdf1f143b41e24485cea50d1cbac27 -> 
  custom:video-encoder-webm-vp8: eb34c28f22e8b96e1ab97ce403110664 -> 
  custom:video-codec-MediaFoundation-h265: 746d11721c4dcdbdad8f713fa42b33f4 -> 
  custom:video-decoder-webm-vp8: 9c59270c3fd7afecdb556c50c9e8de78 -> 
  custom:audio-decoder-ogg-vorbis: bf7c407c2cedff20999df2af8eb42d56 -> 
  custom:audio-encoder-webm-vorbis: bf7c407c2cedff20999df2af8eb42d56 -> 
========================================================================
Received Import Request.
  Time since last request: 223.724063 seconds.
  path: Assets/Scripts/Cards/Card.cs
  artifactKey: Guid(0a1030eb68c8bb8449a14bb371e382b4) Importer(815301076,1909f56bfc062723c751e8b465ee728b)
Start importing Assets/Scripts/Cards/Card.cs using Guid(0a1030eb68c8bb8449a14bb371e382b4) Importer(815301076,1909f56bfc062723c751e8b465ee728b)  -> (artifact id: 'cf5ca3d1ab4a34e77d090a1523e00fda') in 0.018103 seconds 
========================================================================
Received Import Request.
  Time since last request: 159.284058 seconds.
  path: Assets/Scripts/Cards/Card.cs
  artifactKey: Guid(0a1030eb68c8bb8449a14bb371e382b4) Importer(815301076,1909f56bfc062723c751e8b465ee728b)
Start importing Assets/Scripts/Cards/Card.cs using Guid(0a1030eb68c8bb8449a14bb371e382b4) Importer(815301076,1909f56bfc062723c751e8b465ee728b)  -> (artifact id: '64c8a12b8ba9751a31f6c187391d049d') in 0.003388 seconds 
========================================================================
Received Prepare
Registering precompiled user dll's ...
Registered in 0.002862 seconds.
Begin MonoManager ReloadAssembly
Native extension for WindowsStandalone target not found
Native extension for WebGL target not found
Refreshing native plugins compatible for Editor in 0.71 ms, found 2 plugins.
Preloading 0 native plugins for Editor in 0.00 ms.
Mono: successfully reloaded assembly
- Completed reload, in  1.383 seconds
Domain Reload Profiling:
	ReloadAssembly (1383ms)
		BeginReloadAssembly (170ms)
			ExecutionOrderSort (0ms)
			DisableScriptedObjects (8ms)
			BackupInstance (0ms)
			ReleaseScriptingObjects (0ms)
			CreateAndSetChildDomain (44ms)
		EndReloadAssembly (1140ms)
			LoadAssemblies (149ms)
			RebuildTransferFunctionScriptingTraits (0ms)
			SetupTypeCache (404ms)
			ReleaseScriptCaches (1ms)
			RebuildScriptCaches (57ms)
			SetupLoadedEditorAssemblies (383ms)
				LogAssemblyErrors (0ms)
				InitializePlatformSupportModulesInManaged (9ms)
				SetLoadedEditorAssemblies (1ms)
				RefreshPlugins (1ms)
				BeforeProcessingInitializeOnLoad (86ms)
				ProcessInitializeOnLoadAttributes (271ms)
				ProcessInitializeOnLoadMethodAttributes (4ms)
				AfterProcessingInitializeOnLoad (9ms)
				EditorAssembliesLoaded (0ms)
			ExecutionOrderSort2 (0ms)
			AwakeInstancesAfterBackupRestoration (23ms)
Platform modules already initialized, skipping
Refreshing native plugins compatible for Editor in 0.60 ms, found 2 plugins.
Preloading 0 native plugins for Editor in 0.00 ms.
Unloading 2725 Unused Serialized files (Serialized files now loaded: 0)
System memory in use before: 141.2 MB.
System memory in use after: 141.5 MB.

Unloading 11 unused Assets to reduce memory usage. Loaded Objects now: 3493.
Total: 4.060100 ms (FindLiveObjects: 0.390800 ms CreateObjectMapping: 0.181400 ms MarkObjects: 3.447100 ms  DeleteObjects: 0.039700 ms)

AssetImportParameters requested are different than current active one (requested -> active):
  custom:framework-win-MediaFoundation: 216162199b28c13a410421893ffa2e32 -> 
  custom:video-decoder-ogg-theora: a1e56fd34408186e4bbccfd4996cb3dc -> 
  custom:container-muxer-webm: aa71ff27fc2769a1b78a27578f13a17b -> 
  custom:container-demuxer-webm: 4f35f7cbe854078d1ac9338744f61a02 -> 
  custom:container-demuxer-ogg: 62fdf1f143b41e24485cea50d1cbac27 -> 
  custom:video-encoder-webm-vp8: eb34c28f22e8b96e1ab97ce403110664 -> 
  custom:video-codec-MediaFoundation-h265: 746d11721c4dcdbdad8f713fa42b33f4 -> 
  custom:video-decoder-webm-vp8: 9c59270c3fd7afecdb556c50c9e8de78 -> 
  custom:audio-decoder-ogg-vorbis: bf7c407c2cedff20999df2af8eb42d56 -> 
  custom:audio-encoder-webm-vorbis: bf7c407c2cedff20999df2af8eb42d56 -> 
